<xml>
  <clientId>神州专车client_id</clientId>
  <clientSecret>神州专车client_secret</clientSecret>
  <useSandbox>神州专车useSandbox</useSandbox>
</xml>
